<?xml version="1.0" encoding="UTF-8"?>
<!-- Generated by org.testng.reporters.JUnitReportReporter -->
<testsuite hostname="LAPTOP-MCTHI2G1" failures="0" tests="4" name="paramTest" time="0.016" errors="0" timestamp="18 Apr 2019 14:26:34 GMT">
  <testcase classname="paramTest" name="initial" time="0.000"/>
  <testcase classname="paramTest" name="initial" time="0.003"/>
  <testcase classname="paramTest" name="initial" time="0.001"/>
  <testcase classname="paramTest" name="initial" time="0.012"/>
</testsuite> <!-- paramTest -->
