<?xml version="1.0" encoding="UTF-8"?>
<!-- Generated by org.testng.reporters.JUnitReportReporter -->
<testsuite hostname="LAPTOP-MCTHI2G1" failures="0" tests="1" name="NewTest" time="0.037" errors="0" timestamp="18 Apr 2019 14:25:44 GMT">
  <testcase classname="NewTest" name="f" time="0.037"/>
</testsuite> <!-- NewTest -->
